GROUP,PACKAGE,CLASS,INSTRUCTION_MISSED,INSTRUCTION_COVERED,BRANCH_MISSED,BRANCH_COVERED,LINE_MISSED,LINE_COVERED,COMPLEXITY_MISSED,COMPLEXITY_COVERED,METHOD_MISSED,METHOD_COVERED
Calendar,calendar,DateOutOfRangeException,3,4,0,0,2,2,1,1,1,1
Calendar,calendar,CalendarMain,357,0,4,0,76,0,4,0,2,0
Calendar,calendar,XmlParserErrorHandler,76,3,2,0,13,1,5,1,4,1
Calendar,calendar,Appt,111,258,11,33,17,82,10,48,4,32
Calendar,calendar,CalDay,254,102,19,9,46,30,20,10,9,7
Calendar,calendar,CalendarUtil,3,88,0,10,1,12,1,8,1,3
Calendar,calendar,DataHandler,135,850,13,67,30,230,15,42,2,14
